<?xml version="1.0" encoding="UTF-8"?>
<!-- Generated by org.testng.reporters.JUnitReportReporter -->
<testsuite hostname="DESKTOP-4KE6RM8" failures="0" tests="1" name="com.herokuapp.theinternet.PostitiveTests" time="47.980" errors="0" timestamp="2020-07-08T05:31:16 EDT" skipped="0">
  <testcase classname="com.herokuapp.theinternet.PostitiveTests" name="loginTest" time="47.980"/>
  <system-out/>
</testsuite> <!-- com.herokuapp.theinternet.PostitiveTests -->
